<?xml version="1.0" ?>
<!DOCTYPE coverage SYSTEM "http://cobertura.sourceforge.net/xml/coverage-04.dtd">
<coverage lines-valid="43" lines-covered="42" line-rate="0.9767" branches-valid="18" branches-covered="17" branch-rate="0.9444" timestamp="1547781569898" complexity="0" version="0.1">
  <sources>
    <source>c:\dev\cobertura-transform</source>
  </sources>
  <packages>
    <class name="index.js" filename="index.js" line-rate="0.9767" branch-rate="0.9444">
      <methods>
        <method name="(anonymous_0)" hits="6" signature="()V">
          <lines>
            <line number="6" hits="6"/>
          </lines>
        </method>
        <method name="(anonymous_1)" hits="6" signature="()V">
          <lines>
            <line number="6" hits="6"/>
          </lines>
        </method>
        <method name="(anonymous_2)" hits="6" signature="()V">
          <lines>
            <line number="7" hits="6"/>
          </lines>
        </method>
        <method name="(anonymous_3)" hits="2" signature="()V">
          <lines>
            <line number="16" hits="2"/>
          </lines>
        </method>
        <method name="(anonymous_4)" hits="2" signature="()V">
          <lines>
            <line number="16" hits="2"/>
          </lines>
        </method>
        <method name="(anonymous_5)" hits="2" signature="()V">
          <lines>
            <line number="19" hits="2"/>
          </lines>
        </method>
        <method name="(anonymous_6)" hits="4" signature="()V">
          <lines>
            <line number="28" hits="4"/>
          </lines>
        </method>
        <method name="(anonymous_7)" hits="4" signature="()V">
          <lines>
            <line number="28" hits="4"/>
          </lines>
        </method>
        <method name="(anonymous_8)" hits="4" signature="()V">
          <lines>
            <line number="30" hits="4"/>
          </lines>
        </method>
        <method name="(anonymous_9)" hits="2" signature="()V">
          <lines>
            <line number="44" hits="2"/>
          </lines>
        </method>
        <method name="(anonymous_10)" hits="21" signature="()V">
          <lines>
            <line number="48" hits="21"/>
          </lines>
        </method>
        <method name="(anonymous_11)" hits="21" signature="()V">
          <lines>
            <line number="48" hits="21"/>
          </lines>
        </method>
      </methods>
      <lines>
        <line number="3" hits="1" branch="false"/>
        <line number="4" hits="1" branch="false"/>
        <line number="6" hits="6" branch="false"/>
        <line number="7" hits="6" branch="false"/>
        <line number="8" hits="6" branch="true" condition-coverage="100% (2/2)"/>
        <line number="9" hits="4" branch="false"/>
        <line number="11" hits="2" branch="false"/>
        <line number="16" hits="2" branch="false"/>
        <line number="17" hits="2" branch="false"/>
        <line number="18" hits="2" branch="false"/>
        <line number="19" hits="2" branch="false"/>
        <line number="20" hits="2" branch="true" condition-coverage="50% (1/2)"/>
        <line number="21" hits="0" branch="false"/>
        <line number="23" hits="2" branch="false"/>
        <line number="28" hits="4" branch="false"/>
        <line number="29" hits="4" branch="false"/>
        <line number="30" hits="4" branch="false"/>
        <line number="31" hits="4" branch="true" condition-coverage="100% (2/2)"/>
        <line number="32" hits="2" branch="false"/>
        <line number="34" hits="2" branch="false"/>
        <line number="35" hits="2" branch="false"/>
        <line number="36" hits="2" branch="false"/>
        <line number="37" hits="2" branch="false"/>
        <line number="38" hits="2" branch="false"/>
        <line number="39" hits="2" branch="false"/>
        <line number="44" hits="1" branch="false"/>
        <line number="45" hits="2" branch="false"/>
        <line number="48" hits="21" branch="false"/>
        <line number="49" hits="21" branch="true" condition-coverage="100% (4/4)"/>
        <line number="50" hits="12" branch="false"/>
        <line number="53" hits="9" branch="true" condition-coverage="100% (4/4)"/>
        <line number="54" hits="3" branch="false"/>
        <line number="57" hits="6" branch="false"/>
        <line number="58" hits="6" branch="false"/>
        <line number="59" hits="4" branch="false"/>
        <line number="60" hits="2" branch="false"/>
        <line number="61" hits="2" branch="false"/>
        <line number="62" hits="2" branch="false"/>
        <line number="64" hits="4" branch="false"/>
        <line number="65" hits="4" branch="true" condition-coverage="100% (4/4)"/>
        <line number="66" hits="2" branch="false"/>
        <line number="68" hits="4" branch="false"/>
        <line number="72" hits="1" branch="false"/>
      </lines>
    </class>
  </packages>
</coverage>
