<?xml version="1.0" encoding="UTF-8" standalone="yes"?>
<coverage line-rate="0.109" version="1.9" timestamp="1547689167" lines-valid="55" lines-covered="6">
  <sources>
    <source>/mnt/c/dev/rusty-hook/src/</source>
  </sources>
  <packages>
    <package name="" line-rate="0.109" branch-rate="1.0" complexity="1.0">
      <classes>
        <class name="config_rs" filename="config.rs" line-rate="0.000">
          <lines>
            <line number="8" hits="0"/>
            <line number="17" hits="0"/>
            <line number="20" hits="0"/>
            <line number="23" hits="0"/>
            <line number="25" hits="0"/>
            <line number="35" hits="0"/>
            <line number="36" hits="0"/>
            <line number="37" hits="0"/>
            <line number="38" hits="0"/>
            <line number="40" hits="0"/>
            <line number="41" hits="0"/>
            <line number="42" hits="0"/>
            <line number="43" hits="0"/>
            <line number="47" hits="0"/>
            <line number="51" hits="0"/>
            <line number="63" hits="0"/>
            <line number="64" hits="0"/>
            <line number="67" hits="0"/>
            <line number="68" hits="0"/>
            <line number="69" hits="0"/>
            <line number="70" hits="0"/>
          </lines>
        </class>
        <class name="rusty_hook_rs" filename="rusty_hook.rs" line-rate="0.000">
          <lines>
            <line number="7" hits="0"/>
            <line number="13" hits="0"/>
            <line number="14" hits="0"/>
            <line number="15" hits="0"/>
            <line number="16" hits="0"/>
            <line number="17" hits="0"/>
            <line number="18" hits="0"/>
            <line number="21" hits="0"/>
            <line number="22" hits="0"/>
            <line number="24" hits="0"/>
            <line number="25" hits="0"/>
            <line number="26" hits="0"/>
            <line number="27" hits="0"/>
          </lines>
        </class>
        <class name="git_rs" filename="git.rs" line-rate="0.286">
          <lines>
            <line number="1" hits="1"/>
            <line number="5" hits="1"/>
            <line number="6" hits="1"/>
            <line number="8" hits="1"/>
            <line number="12" hits="1"/>
            <line number="13" hits="1"/>
            <line number="51" hits="0"/>
            <line number="60" hits="0"/>
            <line number="61" hits="0"/>
            <line number="62" hits="0"/>
            <line number="63" hits="0"/>
            <line number="64" hits="0"/>
            <line number="65" hits="0"/>
            <line number="66" hits="0"/>
            <line number="67" hits="0"/>
            <line number="68" hits="0"/>
            <line number="69" hits="0"/>
            <line number="71" hits="0"/>
            <line number="74" hits="0"/>
            <line number="76" hits="0"/>
            <line number="77" hits="0"/>
          </lines>
        </class>
      </classes>
    </package>
  </packages>
</coverage>